<?xml version="1.0" encoding="UTF-8"?>
<!-- Generated by org.testng.reporters.JUnitXMLReporter -->
<testsuite ignored="2" hostname="DESKTOP-ERM150G" failures="0" tests="1" name="Test" time="0.079" errors="0" timestamp="2022-03-08T10:11:26 IST">
  <testcase classname="org.testNG_practice.Ignore" name="test4" time="0.012"/>
  <testcase classname="org.testNG_practice.Ignore" name="test2" time="0.0">
    <ignored/>
  </testcase> <!-- test2 -->
  <testcase classname="org.testNG_practice.Ignore" name="test3" time="0.0">
    <ignored/>
  </testcase> <!-- test3 -->
</testsuite> <!-- Test -->
