<?xml version="1.0" encoding="UTF-8"?>
<testng-results ignored="2" total="3" passed="1" failed="0" skipped="0">
  <reporter-output>
  </reporter-output>
  <suite started-at="2022-03-08T10:11:25 IST" name="Suite" finished-at="2022-03-08T10:11:25 IST" duration-ms="79">
    <groups>
    </groups>
    <test started-at="2022-03-08T10:11:25 IST" name="Test" finished-at="2022-03-08T10:11:25 IST" duration-ms="79">
      <class name="org.testNG_practice.Ignore">
        <test-method signature="test4()[pri:0, instance:org.testNG_practice.Ignore@28f3b248]" started-at="2022-03-08T10:11:25 IST" name="test4" finished-at="2022-03-08T10:11:25 IST" duration-ms="12" status="PASS">
          <reporter-output>
          </reporter-output>
        </test-method> <!-- test4 -->
      </class> <!-- org.testNG_practice.Ignore -->
    </test> <!-- Test -->
  </suite> <!-- Suite -->
</testng-results>
